INFO: [VRFC 10-2263] Analyzing Verilog file "/home/kien/Documents/Workspace/Simple_RISC_CPU/project_risc_cpu/project_risc_cpu.srcs/sources_1/new/cpurisc_CPU.v" into library xil_defaultlib
INFO: [VRFC 10-311] analyzing module cpurisc_CPU
INFO: [VRFC 10-2263] Analyzing Verilog file "/home/kien/Documents/Workspace/Simple_RISC_CPU/project_risc_cpu/project_risc_cpu.srcs/sources_1/new/cpurisc_accumulator.v" into library xil_defaultlib
INFO: [VRFC 10-311] analyzing module cpurisc_accumulator
INFO: [VRFC 10-2263] Analyzing Verilog file "/home/kien/Documents/Workspace/Simple_RISC_CPU/project_risc_cpu/project_risc_cpu.srcs/sources_1/new/cpurisc_address_mux.v" into library xil_defaultlib
INFO: [VRFC 10-311] analyzing module cpurisc_address_mux
INFO: [VRFC 10-2263] Analyzing Verilog file "/home/kien/Documents/Workspace/Simple_RISC_CPU/project_risc_cpu/project_risc_cpu.srcs/sources_1/imports/new/cpurisc_alu.v" into library xil_defaultlib
INFO: [VRFC 10-311] analyzing module cpurisc_alu
INFO: [VRFC 10-2263] Analyzing Verilog file "/home/kien/Documents/Workspace/Simple_RISC_CPU/project_risc_cpu/project_risc_cpu.srcs/sources_1/new/cpurisc_controller.v" into library xil_defaultlib
INFO: [VRFC 10-311] analyzing module cpurisc_controller
INFO: [VRFC 10-2263] Analyzing Verilog file "/home/kien/Documents/Workspace/Simple_RISC_CPU/project_risc_cpu/project_risc_cpu.srcs/sources_1/imports/new/cpurisc_dataMemory.v" into library xil_defaultlib
INFO: [VRFC 10-311] analyzing module cpurisc_dataMemory
INFO: [VRFC 10-2263] Analyzing Verilog file "/home/kien/Documents/Workspace/Simple_RISC_CPU/project_risc_cpu/project_risc_cpu.srcs/sources_1/new/cpurisc_instruction_memory.v" into library xil_defaultlib
INFO: [VRFC 10-311] analyzing module cpurisc_instruction_memory
INFO: [VRFC 10-2263] Analyzing Verilog file "/home/kien/Documents/Workspace/Simple_RISC_CPU/project_risc_cpu/project_risc_cpu.srcs/sources_1/new/cpurisc_instruction_register.v" into library xil_defaultlib
INFO: [VRFC 10-311] analyzing module cpurisc_instruction_register
INFO: [VRFC 10-2263] Analyzing Verilog file "/home/kien/Documents/Workspace/Simple_RISC_CPU/project_risc_cpu/project_risc_cpu.srcs/sources_1/imports/new/cpurisc_program_counter.v" into library xil_defaultlib
INFO: [VRFC 10-311] analyzing module cpurisc_program_counter
INFO: [VRFC 10-2263] Analyzing Verilog file "/home/kien/Documents/Workspace/Simple_RISC_CPU/project_risc_cpu/project_risc_cpu.srcs/sources_1/new/cpurisc_CPU_tb.v" into library xil_defaultlib
INFO: [VRFC 10-311] analyzing module cpurisc_CPU_tb
